<?xml version="1.0" encoding="UTF-8"?>
<!-- Generated by org.testng.reporters.JUnitReportReporter -->
<testsuite skipped="0" hostname="Gunu-PC" name="com.qa.authorization.testcases.BasicAuthTestTutorial" tests="1" failures="0" timestamp="28 Jun 2019 04:09:11 GMT" time="2.246" errors="0">
  <testcase name="basicAuthTest" time="2.246" classname="com.qa.authorization.testcases.BasicAuthTestTutorial"/>
</testsuite> <!-- com.qa.authorization.testcases.BasicAuthTestTutorial -->
