<?xml version="1.0" encoding="UTF-8"?>
<!-- Generated by org.testng.reporters.JUnitReportReporter -->
<testsuite skipped="0" hostname="Gunu-PC" name="com.employeeApi.testcases.PostEmployeeRecordTest" tests="4" failures="0" timestamp="01 Jul 2019 04:19:53 GMT" time="0.016" errors="0">
  <testcase name="checkResponseBody" time="0.003" classname="com.employeeApi.testcases.PostEmployeeRecordTest"/>
  <testcase name="checkContentType" time="0.004" classname="com.employeeApi.testcases.PostEmployeeRecordTest"/>
  <testcase name="checkCookies" time="0.003" classname="com.employeeApi.testcases.PostEmployeeRecordTest"/>
  <testcase name="checkStatusCode" time="0.006" classname="com.employeeApi.testcases.PostEmployeeRecordTest"/>
</testsuite> <!-- com.employeeApi.testcases.PostEmployeeRecordTest -->
