<?xml version="1.0" encoding="UTF-8"?>
<!-- Generated by org.testng.reporters.JUnitReportReporter -->
<testsuite skipped="0" hostname="Gunu-PC" name="com.qa.testcases.POSTapiTest" tests="1" failures="0" timestamp="27 Jun 2019 18:06:45 GMT" time="1.497" errors="0">
  <testcase name="postApiMethodTest" time="1.497" classname="com.qa.testcases.POSTapiTest"/>
</testsuite> <!-- com.qa.testcases.POSTapiTest -->
