<?xml version="1.0" encoding="UTF-8"?>
<!-- Generated by org.testng.reporters.JUnitReportReporter -->
<testsuite skipped="0" hostname="Gunu-PC" name="com.qa.testcases.GETapiTest" tests="1" failures="0" timestamp="08 Sep 2019 18:47:08 GMT" time="3.823" errors="0">
  <testcase name="getApiMethodWithoutHeadersTest" time="3.823" classname="com.qa.testcases.GETapiTest"/>
</testsuite> <!-- com.qa.testcases.GETapiTest -->
