<?xml version="1.0" encoding="UTF-8"?>
<!-- Generated by org.testng.reporters.JUnitReportReporter -->
<testsuite skipped="0" hostname="Gunu-PC" name="com.employeeApi.testcases.GetAllEmployeesTest" tests="4" failures="0" timestamp="01 Jul 2019 04:19:53 GMT" time="0.039" errors="0">
  <testcase name="checkStatusCode" time="0.002" classname="com.employeeApi.testcases.GetAllEmployeesTest"/>
  <testcase name="checkResponseBody" time="0.026" classname="com.employeeApi.testcases.GetAllEmployeesTest"/>
  <testcase name="checkCookies" time="0.003" classname="com.employeeApi.testcases.GetAllEmployeesTest"/>
  <testcase name="checkContentType" time="0.008" classname="com.employeeApi.testcases.GetAllEmployeesTest"/>
</testsuite> <!-- com.employeeApi.testcases.GetAllEmployeesTest -->
